#
# A fatal error has been detected by the Java Runtime Environment:
#
#  Internal Error (safepoint.cpp:310), pid=18755, tid=0x0000000000002b03
#  guarantee(PageArmed == 0) failed: invariant
#
# JRE version: OpenJDK Runtime Environment (8.0_212-b04) (build 1.8.0_212-b04)
# Java VM: OpenJDK 64-Bit Server VM (25.212-b04 mixed mode bsd-amd64 compressed oops)
# Failed to write core dump. Core dumps have been disabled. To enable core dumping, try "ulimit -c unlimited" before starting Java again
#
# If you would like to submit a bug report, please visit:
#   http://bugreport.java.com/bugreport/crash.jsp
#

---------------  T H R E A D  ---------------

Current thread (0x00007fda16023800):  VMThread [stack: 0x0000700003895000,0x0000700003995000] [id=11011]

Stack: [0x0000700003895000,0x0000700003995000],  sp=0x0000700003994ac0,  free space=1022k
Native frames: (J=compiled Java code, j=interpreted, Vv=VM code, C=native code)
V  [libjvm.dylib+0x584c1c]  VMError::report_and_die()+0x3f8
V  [libjvm.dylib+0x1e5249]  report_vm_error(char const*, int, char const*, char const*)+0x54
V  [libjvm.dylib+0x4b8074]  SafepointSynchronize::begin()+0x2c8
V  [libjvm.dylib+0x58afc9]  VMThread::loop()+0x319
V  [libjvm.dylib+0x58a8f7]  VMThread::run()+0x79
V  [libjvm.dylib+0x46124a]  java_start(Thread*)+0xf6
C  [libsystem_pthread.dylib+0x5d76]  _pthread_start+0x7d
C  [libsystem_pthread.dylib+0x25d7]  thread_start+0xf

VM_Operation (0x00007000043b5718): Exit, mode: safepoint, requested by thread 0x00007fda16030000


---------------  P R O C E S S  ---------------

Java Threads: ( => current thread )
  0x00007fda16030000 JavaThread "SIGTERM handler" daemon [_thread_blocked, id=18695, stack(0x00007000042b6000,0x00007000043b6000)]
  0x00007fda1581b800 JavaThread "Service Thread" daemon [_thread_blocked, id=13827, stack(0x00007000040b0000,0x00007000041b0000)]
  0x00007fda17032000 JavaThread "C1 CompilerThread2" daemon [_thread_blocked, id=13315, stack(0x0000700003fad000,0x00007000040ad000)]
  0x00007fda16815800 JavaThread "C2 CompilerThread1" daemon [_thread_blocked, id=12803, stack(0x0000700003eaa000,0x0000700003faa000)]
  0x00007fda16814000 JavaThread "C2 CompilerThread0" daemon [_thread_blocked, id=17411, stack(0x0000700003da7000,0x0000700003ea7000)]
  0x00007fda1602f800 JavaThread "Signal Dispatcher" daemon [_thread_in_vm, id=17923, stack(0x0000700003ca4000,0x0000700003da4000)]
  0x00007fda15811000 JavaThread "Finalizer" daemon [_thread_blocked, id=20995, stack(0x0000700003a9b000,0x0000700003b9b000)]
  0x00007fda15800800 JavaThread "Reference Handler" daemon [_thread_blocked, id=21251, stack(0x0000700003998000,0x0000700003a98000)]
  0x00007fda16807000 JavaThread "main" [_thread_in_Java, id=3843, stack(0x0000700003386000,0x0000700003486000)]

Other Threads:
=>0x00007fda16023800 VMThread [stack: 0x0000700003895000,0x0000700003995000] [id=11011]

VM state:synchronizing (normal execution)

VM Mutex/Monitor currently owned by a thread:  ([mutex/lock_event])
[0x00007fda15404990] Safepoint_lock - owner thread: 0x00007fda16023800
[0x00007fda15404a10] Threads_lock - owner thread: 0x00007fda16023800

heap address: 0x0000000740000000, size: 2048 MB, Compressed Oops mode: Zero based, Oop shift amount: 3
Narrow klass base: 0x0000000000000000, Narrow klass shift: 3
Compressed class space size: 1073741824 Address: 0x00000007c0000000

Heap:
 PSYoungGen      total 38400K, used 11143K [0x0000000795580000, 0x0000000798000000, 0x00000007c0000000)
  eden space 33280K, 33% used [0x0000000795580000,0x0000000796061dc0,0x0000000797600000)
  from space 5120K, 0% used [0x0000000797b00000,0x0000000797b00000,0x0000000798000000)
  to   space 5120K, 0% used [0x0000000797600000,0x0000000797600000,0x0000000797b00000)
 ParOldGen       total 87552K, used 0K [0x0000000740000000, 0x0000000745580000, 0x0000000795580000)
  object space 87552K, 0% used [0x0000000740000000,0x0000000740000000,0x0000000745580000)
 Metaspace       used 3328K, capacity 4490K, committed 4864K, reserved 1056768K
  class space    used 368K, capacity 386K, committed 512K, reserved 1048576K

Card table byte_map: [0x0000000105119000,0x000000010551a000] byte_map_base: 0x0000000101719000

Marking Bits: (ParMarkBitMap*) 0x0000000104a9b030
 Begin Bits: [0x00000001057c5000, 0x00000001077c5000)
 End Bits:   [0x00000001077c5000, 0x00000001097c5000)

Polling page: 0x00000001039ea000

CodeCache: size=245760Kb used=1180Kb max_used=1192Kb free=244579Kb
 bounds [0x000000010f95b000, 0x000000010fbcb000, 0x000000011e95b000]
 total_blobs=316 nmethods=73 adapters=158
 compilation: enabled

Compilation events (10 events):
Event: 10.035 Thread 0x00007fda16815800   69       4       sorting.MyArray::swap (15 bytes)
Event: 10.036 Thread 0x00007fda16815800 nmethod 69 0x000000010fa7fd10 code [0x000000010fa7fe60, 0x000000010fa7ff18]
Event: 10.036 Thread 0x00007fda17032000   70       3       sorting.BubbleSort::bubbleSort (49 bytes)
Event: 10.036 Thread 0x00007fda17032000 nmethod 70 0x000000010fa83990 code [0x000000010fa83b20, 0x000000010fa83eb0]
Event: 10.036 Thread 0x00007fda16815800   71 %     4       sorting.BubbleSort::bubbleSort @ 13 (49 bytes)
Event: 10.040 Thread 0x00007fda16815800 nmethod 71% 0x000000010fa7e050 code [0x000000010fa7e1a0, 0x000000010fa7e398]
Event: 10.041 Thread 0x00007fda17032000   72 %     3       sorting.BubbleSort::bubbleSort @ 13 (49 bytes)
Event: 10.042 Thread 0x00007fda17032000 nmethod 72% 0x000000010fa85210 code [0x000000010fa853a0, 0x000000010fa85770]
Event: 10.042 Thread 0x00007fda16814000   73 %     4       sorting.BubbleSort::bubbleSort @ 13 (49 bytes)
Event: 10.048 Thread 0x00007fda16814000 nmethod 73% 0x000000010fa81fd0 code [0x000000010fa82120, 0x000000010fa82398]

GC Heap History (0 events):
No events

Deoptimization events (2 events):
Event: 9.115 Thread 0x00007fda16807000 Uncommon trap: reason=unstable_if action=reinterpret pc=0x000000010fa810b8 method=sorting.CompareSortings.makeRandArr(III)[I @ 34
Event: 10.041 Thread 0x00007fda16807000 Uncommon trap: reason=unstable_if action=reinterpret pc=0x000000010fa7e33c method=sorting.BubbleSort.bubbleSort([I)[I @ 37

Classes redefined (0 events):
No events

Internal exceptions (8 events):
Event: 0.048 Thread 0x00007fda16807000 Exception <a 'java/lang/NoSuchMethodError': Method sun.misc.Unsafe.defineClass(Ljava/lang/String;[BII)Ljava/lang/Class; name or signature does not match> (0x0000000795587cb0) thrown at [/Users/jenkins/workspace/build-scripts/jobs/jdk8u/jdk8u-mac-x64-hotsp
Event: 0.049 Thread 0x00007fda16807000 Exception <a 'java/lang/NoSuchMethodError': Method sun.misc.Unsafe.prefetchRead(Ljava/lang/Object;J)V name or signature does not match> (0x0000000795587f98) thrown at [/Users/jenkins/workspace/build-scripts/jobs/jdk8u/jdk8u-mac-x64-hotspot/workspace/build
Event: 0.217 Thread 0x00007fda16807000 Exception <a 'java/security/PrivilegedActionException'> (0x0000000795615688) thrown at [/Users/jenkins/workspace/build-scripts/jobs/jdk8u/jdk8u-mac-x64-hotspot/workspace/build/src/hotspot/src/share/vm/prims/jvm.cpp, line 1502]
Event: 0.217 Thread 0x00007fda16807000 Exception <a 'java/security/PrivilegedActionException'> (0x0000000795615898) thrown at [/Users/jenkins/workspace/build-scripts/jobs/jdk8u/jdk8u-mac-x64-hotspot/workspace/build/src/hotspot/src/share/vm/prims/jvm.cpp, line 1502]
Event: 0.217 Thread 0x00007fda16807000 Exception <a 'java/security/PrivilegedActionException'> (0x0000000795618550) thrown at [/Users/jenkins/workspace/build-scripts/jobs/jdk8u/jdk8u-mac-x64-hotspot/workspace/build/src/hotspot/src/share/vm/prims/jvm.cpp, line 1502]
Event: 0.217 Thread 0x00007fda16807000 Exception <a 'java/security/PrivilegedActionException'> (0x0000000795618760) thrown at [/Users/jenkins/workspace/build-scripts/jobs/jdk8u/jdk8u-mac-x64-hotspot/workspace/build/src/hotspot/src/share/vm/prims/jvm.cpp, line 1502]
Event: 0.217 Thread 0x00007fda16807000 Exception <a 'java/security/PrivilegedActionException'> (0x00000007956196c0) thrown at [/Users/jenkins/workspace/build-scripts/jobs/jdk8u/jdk8u-mac-x64-hotspot/workspace/build/src/hotspot/src/share/vm/prims/jvm.cpp, line 1502]
Event: 0.217 Thread 0x00007fda16807000 Exception <a 'java/security/PrivilegedActionException'> (0x00000007956198d0) thrown at [/Users/jenkins/workspace/build-scripts/jobs/jdk8u/jdk8u-mac-x64-hotspot/workspace/build/src/hotspot/src/share/vm/prims/jvm.cpp, line 1502]

Events (10 events):
Event: 10.048 Thread 0x00007fda16807000 DEOPT PACKING pc=0x000000010fa8565f sp=0x0000700003485860
Event: 10.048 Thread 0x00007fda16807000 DEOPT UNPACKING pc=0x000000010f9a24c4 sp=0x00007000034855d0 mode 0
Event: 86.612 loading class sun/misc/Signal$1
Event: 86.613 loading class sun/misc/Signal$1 done
Event: 86.613 Thread 0x00007fda16030000 Thread added: 0x00007fda16030000
Event: 86.613 loading class java/lang/Shutdown
Event: 86.613 loading class java/lang/Shutdown done
Event: 86.613 loading class java/lang/Shutdown$Lock
Event: 86.613 loading class java/lang/Shutdown$Lock done
Event: 86.613 Executing VM operation: Exit


Dynamic libraries:
0x00007fff34bb5000 	/System/Library/Frameworks/Cocoa.framework/Versions/A/Cocoa
0x00007fff4215c000 	/System/Library/Frameworks/Security.framework/Versions/A/Security
0x00007fff33b5b000 	/System/Library/Frameworks/ApplicationServices.framework/Versions/A/ApplicationServices
0x00007fff6c1b7000 	/usr/lib/libz.1.dylib
0x00007fff69cbf000 	/usr/lib/libSystem.B.dylib
0x00007fff6bae2000 	/usr/lib/libobjc.A.dylib
0x00007fff381d5000 	/System/Library/Frameworks/Foundation.framework/Versions/C/Foundation
0x00007fff35b1a000 	/System/Library/Frameworks/CoreFoundation.framework/Versions/A/CoreFoundation
0x00007fff32d5f000 	/System/Library/Frameworks/AppKit.framework/Versions/C/AppKit
0x00007fff35634000 	/System/Library/Frameworks/CoreData.framework/Versions/A/CoreData
0x00007fff66570000 	/System/Library/PrivateFrameworks/UIFoundation.framework/Versions/A/UIFoundation
0x00007fff60e10000 	/System/Library/PrivateFrameworks/RemoteViewServices.framework/Versions/A/RemoteViewServices
0x00007fff68ff0000 	/System/Library/PrivateFrameworks/XCTTargetBootstrap.framework/Versions/A/XCTTargetBootstrap
0x00007fff35a0f000 	/System/Library/Frameworks/CoreDisplay.framework/Versions/A/CoreDisplay
0x00007fff3af0d000 	/System/Library/Frameworks/Metal.framework/Versions/A/Metal
0x00007fff4f37d000 	/System/Library/PrivateFrameworks/DesktopServicesPriv.framework/Versions/A/DesktopServicesPriv
0x00007fff6adda000 	/usr/lib/liblangid.dylib
0x00007fff4e4d9000 	/System/Library/PrivateFrameworks/CoreSVG.framework/Versions/A/CoreSVG
0x00007fff63b40000 	/System/Library/PrivateFrameworks/SkyLight.framework/Versions/A/SkyLight
0x00007fff35f9b000 	/System/Library/Frameworks/CoreGraphics.framework/Versions/A/CoreGraphics
0x00007fff31900000 	/System/Library/Frameworks/Accelerate.framework/Versions/A/Accelerate
0x00007fff6c0a8000 	/usr/lib/libxml2.2.dylib
0x00007fff59f48000 	/System/Library/PrivateFrameworks/IconServices.framework/Versions/A/IconServices
0x00007fff38993000 	/System/Library/Frameworks/IOSurface.framework/Versions/A/IOSurface
0x00007fff697f8000 	/usr/lib/libDiagnosticMessagesClient.dylib
0x00007fff4f1f7000 	/System/Library/PrivateFrameworks/DFRFoundation.framework/Versions/A/DFRFoundation
0x00007fff6ab68000 	/usr/lib/libicucore.A.dylib
0x00007fff33e8d000 	/System/Library/Frameworks/AudioToolbox.framework/Versions/A/AudioToolbox
0x00007fff33f6f000 	/System/Library/Frameworks/AudioUnit.framework/Versions/A/AudioUnit
0x00007fff69ec1000 	/usr/lib/libauto.dylib
0x00007fff4f277000 	/System/Library/PrivateFrameworks/DataDetectorsCore.framework/Versions/A/DataDetectorsCore
0x00007fff346d6000 	/System/Library/Frameworks/Carbon.framework/Versions/A/Frameworks/HIToolbox.framework/Versions/A/HIToolbox
0x00007fff41354000 	/System/Library/Frameworks/QuartzCore.framework/Versions/A/QuartzCore
0x00007fff34a15000 	/System/Library/Frameworks/Carbon.framework/Versions/A/Frameworks/SpeechRecognition.framework/Versions/A/SpeechRecognition
0x00007fff4eb79000 	/System/Library/PrivateFrameworks/CoreUI.framework/Versions/A/CoreUI
0x00007fff3509a000 	/System/Library/Frameworks/CoreAudio.framework/Versions/A/CoreAudio
0x00007fff37ea2000 	/System/Library/Frameworks/DiskArbitration.framework/Versions/A/DiskArbitration
0x00007fff5c02e000 	/System/Library/PrivateFrameworks/MultitouchSupport.framework/Versions/A/MultitouchSupport
0x00007fff6aa33000 	/usr/lib/libenergytrace.dylib
0x00007fff388ee000 	/System/Library/Frameworks/IOKit.framework/Versions/A/IOKit
0x00007fff36f01000 	/System/Library/Frameworks/CoreServices.framework/Versions/A/CoreServices
0x00007fff5e083000 	/System/Library/PrivateFrameworks/PerformanceAnalysis.framework/Versions/A/PerformanceAnalysis
0x00007fff4038c000 	/System/Library/Frameworks/OpenGL.framework/Versions/A/OpenGL
0x00007fff34bc3000 	/System/Library/Frameworks/ColorSync.framework/Versions/A/ColorSync
0x00007fff36622000 	/System/Library/Frameworks/CoreImage.framework/Versions/A/CoreImage
0x00007fff37975000 	/System/Library/Frameworks/CoreText.framework/Versions/A/CoreText
0x00007fff38a16000 	/System/Library/Frameworks/ImageIO.framework/Versions/A/ImageIO
0x00007fff69f9d000 	/usr/lib/libc++.1.dylib
0x00007fff6a019000 	/usr/lib/libcompression.dylib
0x00007fff69b39000 	/usr/lib/libMobileGestalt.dylib
0x00007fff65663000 	/System/Library/PrivateFrameworks/TextureIO.framework/Versions/A/TextureIO
0x00007fff69e27000 	/usr/lib/libate.dylib
0x00007fff5a14e000 	/System/Library/PrivateFrameworks/InternationalSupport.framework/Versions/A/InternationalSupport
0x00007fff6cc2e000 	/usr/lib/system/libcache.dylib
0x00007fff6cc34000 	/usr/lib/system/libcommonCrypto.dylib
0x00007fff6cc40000 	/usr/lib/system/libcompiler_rt.dylib
0x00007fff6cc48000 	/usr/lib/system/libcopyfile.dylib
0x00007fff6cc52000 	/usr/lib/system/libcorecrypto.dylib
0x00007fff6ce00000 	/usr/lib/system/libdispatch.dylib
0x00007fff6ce42000 	/usr/lib/system/libdyld.dylib
0x00007fff6ce78000 	/usr/lib/system/libkeymgr.dylib
0x00007fff6ce86000 	/usr/lib/system/liblaunch.dylib
0x00007fff6ce87000 	/usr/lib/system/libmacho.dylib
0x00007fff6ce8d000 	/usr/lib/system/libquarantine.dylib
0x00007fff6ce90000 	/usr/lib/system/libremovefile.dylib
0x00007fff6ce92000 	/usr/lib/system/libsystem_asl.dylib
0x00007fff6ceaa000 	/usr/lib/system/libsystem_blocks.dylib
0x00007fff6ceab000 	/usr/lib/system/libsystem_c.dylib
0x00007fff6cf33000 	/usr/lib/system/libsystem_configuration.dylib
0x00007fff6cf37000 	/usr/lib/system/libsystem_coreservices.dylib
0x00007fff6cf3b000 	/usr/lib/system/libsystem_darwin.dylib
0x00007fff6cf43000 	/usr/lib/system/libsystem_dnssd.dylib
0x00007fff6cf4b000 	/usr/lib/system/libsystem_featureflags.dylib
0x00007fff6cf4d000 	/usr/lib/system/libsystem_info.dylib
0x00007fff6cfc8000 	/usr/lib/system/libsystem_m.dylib
0x00007fff6d010000 	/usr/lib/system/libsystem_malloc.dylib
0x00007fff6d038000 	/usr/lib/system/libsystem_networkextension.dylib
0x00007fff6d046000 	/usr/lib/system/libsystem_notify.dylib
0x00007fff6d065000 	/usr/lib/system/libsystem_sandbox.dylib
0x00007fff6d06a000 	/usr/lib/system/libsystem_secinit.dylib
0x00007fff6cf9b000 	/usr/lib/system/libsystem_kernel.dylib
0x00007fff6d050000 	/usr/lib/system/libsystem_platform.dylib
0x00007fff6d05a000 	/usr/lib/system/libsystem_pthread.dylib
0x00007fff6d06d000 	/usr/lib/system/libsystem_symptoms.dylib
0x00007fff6d075000 	/usr/lib/system/libsystem_trace.dylib
0x00007fff6d08d000 	/usr/lib/system/libunwind.dylib
0x00007fff6d093000 	/usr/lib/system/libxpc.dylib
0x00007fff69ff1000 	/usr/lib/libc++abi.dylib
0x00007fff6addc000 	/usr/lib/liblzma.5.dylib
0x00007fff6aa5b000 	/usr/lib/libfakelink.dylib
0x00007fff69db4000 	/usr/lib/libarchive.2.dylib
0x00007fff43370000 	/System/Library/Frameworks/SystemConfiguration.framework/Versions/A/SystemConfiguration
0x00007fff69729000 	/usr/lib/libCRFSuite.dylib
0x00007fff342e5000 	/System/Library/Frameworks/CFNetwork.framework/Versions/A/CFNetwork
0x00007fff69f7f000 	/usr/lib/libbsm.0.dylib
0x00007fff6ce79000 	/usr/lib/system/libkxld.dylib
0x00007fff48d76000 	/System/Library/PrivateFrameworks/AppleFSCompression.framework/Versions/A/AppleFSCompression
0x00007fff6a2f2000 	/usr/lib/libcoretls.dylib
0x00007fff6a309000 	/usr/lib/libcoretls_cfhelpers.dylib
0x00007fff6bb26000 	/usr/lib/libpam.2.dylib
0x00007fff6bc55000 	/usr/lib/libsqlite3.dylib
0x00007fff6c095000 	/usr/lib/libxar.1.dylib
0x00007fff69f90000 	/usr/lib/libbz2.1.0.dylib
0x00007fff6aa77000 	/usr/lib/libiconv.2.dylib
0x00007fff6a006000 	/usr/lib/libcharset.1.dylib
0x00007fff6b5d2000 	/usr/lib/libnetwork.dylib
0x00007fff6bb2d000 	/usr/lib/libpcap.A.dylib
0x00007fff69d69000 	/usr/lib/libapple_nghttp2.dylib
0x00007fff372b8000 	/System/Library/Frameworks/CoreServices.framework/Versions/A/Frameworks/FSEvents.framework/Versions/A/FSEvents
0x00007fff36f88000 	/System/Library/Frameworks/CoreServices.framework/Versions/A/Frameworks/CarbonCore.framework/Versions/A/CarbonCore
0x00007fff374fa000 	/System/Library/Frameworks/CoreServices.framework/Versions/A/Frameworks/Metadata.framework/Versions/A/Metadata
0x00007fff37593000 	/System/Library/Frameworks/CoreServices.framework/Versions/A/Frameworks/OSServices.framework/Versions/A/OSServices
0x00007fff375c1000 	/System/Library/Frameworks/CoreServices.framework/Versions/A/Frameworks/SearchKit.framework/Versions/A/SearchKit
0x00007fff36f02000 	/System/Library/Frameworks/CoreServices.framework/Versions/A/Frameworks/AE.framework/Versions/A/AE
0x00007fff372c1000 	/System/Library/Frameworks/CoreServices.framework/Versions/A/Frameworks/LaunchServices.framework/Versions/A/LaunchServices
0x00007fff3726a000 	/System/Library/Frameworks/CoreServices.framework/Versions/A/Frameworks/DictionaryServices.framework/Versions/A/DictionaryServices
0x00007fff37629000 	/System/Library/Frameworks/CoreServices.framework/Versions/A/Frameworks/SharedFileList.framework/Versions/A/SharedFileList
0x00007fff3c1e2000 	/System/Library/Frameworks/NetFS.framework/Versions/A/NetFS
0x00007fff5c4ce000 	/System/Library/PrivateFrameworks/NetAuth.framework/Versions/A/NetAuth
0x00007fff693b9000 	/System/Library/PrivateFrameworks/login.framework/Versions/A/Frameworks/loginsupport.framework/Versions/A/loginsupport
0x00007fff65169000 	/System/Library/PrivateFrameworks/TCC.framework/Versions/A/TCC
0x00007fff4d8b7000 	/System/Library/PrivateFrameworks/CoreNLP.framework/Versions/A/CoreNLP
0x00007fff5ba5f000 	/System/Library/PrivateFrameworks/MetadataUtilities.framework/Versions/A/MetadataUtilities
0x00007fff6aeb4000 	/usr/lib/libmecabra.dylib
0x00007fff6ae0c000 	/usr/lib/libmecab.dylib
0x00007fff6aa6c000 	/usr/lib/libgermantok.dylib
0x00007fff69d50000 	/usr/lib/libThaiTokenizer.dylib
0x00007fff69761000 	/usr/lib/libChineseTokenizer.dylib
0x00007fff31918000 	/System/Library/Frameworks/Accelerate.framework/Versions/A/Frameworks/vImage.framework/Versions/A/vImage
0x00007fff32bba000 	/System/Library/Frameworks/Accelerate.framework/Versions/A/Frameworks/vecLib.framework/Versions/A/vecLib
0x00007fff32afe000 	/System/Library/Frameworks/Accelerate.framework/Versions/A/Frameworks/vecLib.framework/Versions/A/libvMisc.dylib
0x00007fff32924000 	/System/Library/Frameworks/Accelerate.framework/Versions/A/Frameworks/vecLib.framework/Versions/A/libvDSP.dylib
0x00007fff31f84000 	/System/Library/Frameworks/Accelerate.framework/Versions/A/Frameworks/vecLib.framework/Versions/A/libBLAS.dylib
0x00007fff324de000 	/System/Library/Frameworks/Accelerate.framework/Versions/A/Frameworks/vecLib.framework/Versions/A/libLAPACK.dylib
0x00007fff32884000 	/System/Library/Frameworks/Accelerate.framework/Versions/A/Frameworks/vecLib.framework/Versions/A/libLinearAlgebra.dylib
0x00007fff32911000 	/System/Library/Frameworks/Accelerate.framework/Versions/A/Frameworks/vecLib.framework/Versions/A/libSparseBLAS.dylib
0x00007fff3289a000 	/System/Library/Frameworks/Accelerate.framework/Versions/A/Frameworks/vecLib.framework/Versions/A/libQuadrature.dylib
0x00007fff321ed000 	/System/Library/Frameworks/Accelerate.framework/Versions/A/Frameworks/vecLib.framework/Versions/A/libBNNS.dylib
0x00007fff328a0000 	/System/Library/Frameworks/Accelerate.framework/Versions/A/Frameworks/vecLib.framework/Versions/A/libSparse.dylib
0x00007fff5a50d000 	/System/Library/PrivateFrameworks/LanguageModeling.framework/Versions/A/LanguageModeling
0x00007fff4d25b000 	/System/Library/PrivateFrameworks/CoreEmoji.framework/Versions/A/CoreEmoji
0x00007fff5a62a000 	/System/Library/PrivateFrameworks/LinguisticData.framework/Versions/A/LinguisticData
0x00007fff5a5db000 	/System/Library/PrivateFrameworks/Lexicon.framework/Versions/A/Lexicon
0x00007fff6a007000 	/usr/lib/libcmph.dylib
0x00007fff3edb2000 	/System/Library/Frameworks/OpenDirectory.framework/Versions/A/Frameworks/CFOpenDirectory.framework/Versions/A/CFOpenDirectory
0x00007fff3edcf000 	/System/Library/Frameworks/OpenDirectory.framework/Versions/A/OpenDirectory
0x00007fff4712e000 	/System/Library/PrivateFrameworks/APFS.framework/Versions/A/APFS
0x00007fff424a1000 	/System/Library/Frameworks/SecurityFoundation.framework/Versions/A/SecurityFoundation
0x00007fff6c091000 	/usr/lib/libutil.dylib
0x00007fff4e531000 	/System/Library/PrivateFrameworks/CoreServicesStore.framework/Versions/A/CoreServicesStore
0x00007fff42582000 	/System/Library/Frameworks/ServiceManagement.framework/Versions/A/ServiceManagement
0x00007fff4a511000 	/System/Library/PrivateFrameworks/BackgroundTaskManagement.framework/Versions/A/BackgroundTaskManagement
0x00007fff6c18e000 	/usr/lib/libxslt.1.dylib
0x00007fff493d4000 	/System/Library/PrivateFrameworks/AppleSystemInfo.framework/Versions/A/AppleSystemInfo
0x00007fff38c31000 	/System/Library/Frameworks/ImageIO.framework/Versions/A/Resources/libJPEG.dylib
0x00007fff38ef0000 	/System/Library/Frameworks/ImageIO.framework/Versions/A/Resources/libTIFF.dylib
0x00007fff38ed3000 	/System/Library/Frameworks/ImageIO.framework/Versions/A/Resources/libPng.dylib
0x00007fff38b72000 	/System/Library/Frameworks/ImageIO.framework/Versions/A/Resources/libGIF.dylib
0x00007fff38b76000 	/System/Library/Frameworks/ImageIO.framework/Versions/A/Resources/libJP2.dylib
0x00007fff38eee000 	/System/Library/Frameworks/ImageIO.framework/Versions/A/Resources/libRadiance.dylib
0x00007fff6aa34000 	/usr/lib/libexpat.1.dylib
0x00007fff48ed1000 	/System/Library/PrivateFrameworks/AppleJPEG.framework/Versions/A/AppleJPEG
0x00007fff51749000 	/System/Library/PrivateFrameworks/FontServices.framework/libFontParser.dylib
0x00007fff68414000 	/System/Library/PrivateFrameworks/WatchdogClient.framework/Versions/A/WatchdogClient
0x00007fff59ba0000 	/System/Library/PrivateFrameworks/IOAccelerator.framework/Versions/A/IOAccelerator
0x00007fff3b29b000 	/System/Library/Frameworks/MetalPerformanceShaders.framework/Versions/A/MetalPerformanceShaders
0x00007fff56496000 	/System/Library/PrivateFrameworks/GPUWrangler.framework/Versions/A/GPUWrangler
0x00007fff59bab000 	/System/Library/PrivateFrameworks/IOPresentment.framework/Versions/A/IOPresentment
0x00007fff4f209000 	/System/Library/PrivateFrameworks/DSExternalDisplay.framework/Versions/A/DSExternalDisplay
0x00007fff3f738000 	/System/Library/Frameworks/OpenGL.framework/Versions/A/Libraries/libCoreFSCache.dylib
0x00007fff3afec000 	/System/Library/Frameworks/MetalPerformanceShaders.framework/Frameworks/MPSCore.framework/Versions/A/MPSCore
0x00007fff3b029000 	/System/Library/Frameworks/MetalPerformanceShaders.framework/Frameworks/MPSImage.framework/Versions/A/MPSImage
0x00007fff3b0ec000 	/System/Library/Frameworks/MetalPerformanceShaders.framework/Frameworks/MPSNeuralNetwork.framework/Versions/A/MPSNeuralNetwork
0x00007fff3b0b0000 	/System/Library/Frameworks/MetalPerformanceShaders.framework/Frameworks/MPSMatrix.framework/Versions/A/MPSMatrix
0x00007fff3b24c000 	/System/Library/Frameworks/MetalPerformanceShaders.framework/Frameworks/MPSRayIntersector.framework/Versions/A/MPSRayIntersector
0x00007fff3b0d6000 	/System/Library/Frameworks/MetalPerformanceShaders.framework/Frameworks/MPSNDArray.framework/Versions/A/MPSNDArray
0x00007fff5baac000 	/System/Library/PrivateFrameworks/MetalTools.framework/Versions/A/MetalTools
0x00007fff4820d000 	/System/Library/PrivateFrameworks/AggregateDictionary.framework/Versions/A/AggregateDictionary
0x00007fff4ccf2000 	/System/Library/PrivateFrameworks/CoreAnalytics.framework/Versions/A/CoreAnalytics
0x00007fff492f2000 	/System/Library/PrivateFrameworks/AppleSauce.framework/Versions/A/AppleSauce
0x00007fff69a1c000 	/usr/lib/libIOReport.dylib
0x00007fff37b2a000 	/System/Library/Frameworks/CoreVideo.framework/Versions/A/CoreVideo
0x00007fff57883000 	/System/Library/PrivateFrameworks/GraphVisualizer.framework/Versions/A/GraphVisualizer
0x00007fff50ccb000 	/System/Library/PrivateFrameworks/FaceCore.framework/Versions/A/FaceCore
0x00007fff3ed59000 	/System/Library/Frameworks/OpenCL.framework/Versions/A/OpenCL
0x00007fff6983e000 	/usr/lib/libFosl_dynamic.dylib
0x00007fff5cec4000 	/System/Library/PrivateFrameworks/OTSVG.framework/Versions/A/OTSVG
0x00007fff33c60000 	/System/Library/Frameworks/ApplicationServices.framework/Versions/A/Frameworks/ATS.framework/Versions/A/Resources/libFontRegistry.dylib
0x00007fff5191a000 	/System/Library/PrivateFrameworks/FontServices.framework/libhvf.dylib
0x00007fff3f743000 	/System/Library/Frameworks/OpenGL.framework/Versions/A/Libraries/libGFXShared.dylib
0x00007fff3f920000 	/System/Library/Frameworks/OpenGL.framework/Versions/A/Libraries/libGLU.dylib
0x00007fff3f74c000 	/System/Library/Frameworks/OpenGL.framework/Versions/A/Libraries/libGL.dylib
0x00007fff3f757000 	/System/Library/Frameworks/OpenGL.framework/Versions/A/Libraries/libGLImage.dylib
0x00007fff3f735000 	/System/Library/Frameworks/OpenGL.framework/Versions/A/Libraries/libCVMSPluginSupport.dylib
0x00007fff3f73e000 	/System/Library/Frameworks/OpenGL.framework/Versions/A/Libraries/libCoreVMClient.dylib
0x00007fff6b474000 	/usr/lib/libncurses.5.4.dylib
0x00007fff33b5c000 	/System/Library/Frameworks/ApplicationServices.framework/Versions/A/Frameworks/ATS.framework/Versions/A/ATS
0x00007fff33d29000 	/System/Library/Frameworks/ApplicationServices.framework/Versions/A/Frameworks/ColorSyncLegacy.framework/Versions/A/ColorSyncLegacy
0x00007fff33dc8000 	/System/Library/Frameworks/ApplicationServices.framework/Versions/A/Frameworks/HIServices.framework/Versions/A/HIServices
0x00007fff33e1f000 	/System/Library/Frameworks/ApplicationServices.framework/Versions/A/Frameworks/LangAnalysis.framework/Versions/A/LangAnalysis
0x00007fff33e2e000 	/System/Library/Frameworks/ApplicationServices.framework/Versions/A/Frameworks/PrintCore.framework/Versions/A/PrintCore
0x00007fff33e74000 	/System/Library/Frameworks/ApplicationServices.framework/Versions/A/Frameworks/QD.framework/Versions/A/QD
0x00007fff33e7f000 	/System/Library/Frameworks/ApplicationServices.framework/Versions/A/Frameworks/SpeechSynthesis.framework/Versions/A/SpeechSynthesis
0x00007fff33cf9000 	/System/Library/Frameworks/ApplicationServices.framework/Versions/A/Frameworks/ATSUI.framework/Versions/A/ATSUI
0x00007fff6a8c8000 	/usr/lib/libcups.2.dylib
0x00007fff3a354000 	/System/Library/Frameworks/Kerberos.framework/Versions/A/Kerberos
0x00007fff38609000 	/System/Library/Frameworks/GSS.framework/Versions/A/GSS
0x00007fff6bbe2000 	/usr/lib/libresolv.9.dylib
0x00007fff57a24000 	/System/Library/PrivateFrameworks/Heimdal.framework/Versions/A/Heimdal
0x00007fff3a367000 	/System/Library/Frameworks/Kerberos.framework/Versions/A/Libraries/libHeimdalProxy.dylib
0x00007fff6aa72000 	/usr/lib/libheimdal-asn1.dylib
0x00007fff4c1b8000 	/System/Library/PrivateFrameworks/CommonAuth.framework/Versions/A/CommonAuth
0x00007fff49471000 	/System/Library/PrivateFrameworks/AssertionServices.framework/Versions/A/AssertionServices
0x00007fff4a007000 	/System/Library/PrivateFrameworks/AudioToolboxCore.framework/Versions/A/AudioToolboxCore
0x00007fff6906c000 	/System/Library/PrivateFrameworks/caulk.framework/Versions/A/caulk
0x00007fff4a5bd000 	/System/Library/PrivateFrameworks/BaseBoard.framework/Versions/A/BaseBoard
0x00007fff60f9c000 	/System/Library/PrivateFrameworks/RunningBoardServices.framework/Versions/A/RunningBoardServices
0x00007fff5e08f000 	/System/Library/PrivateFrameworks/PersistentConnection.framework/Versions/A/PersistentConnection
0x00007fff609a9000 	/System/Library/PrivateFrameworks/ProtocolBuffer.framework/Versions/A/ProtocolBuffer
0x00007fff4c1d5000 	/System/Library/PrivateFrameworks/CommonUtilities.framework/Versions/A/CommonUtilities
0x00007fff4a73c000 	/System/Library/PrivateFrameworks/Bom.framework/Versions/A/Bom
0x00007fff696ed000 	/usr/lib/libAudioToolboxUtility.dylib
0x00007fff4a51b000 	/System/Library/PrivateFrameworks/Backup.framework/Versions/A/Backup
0x00007fff4ef78000 	/System/Library/PrivateFrameworks/CrashReporterSupport.framework/Versions/A/CrashReporterSupport
0x00007fff62a25000 	/System/Library/PrivateFrameworks/Sharing.framework/Versions/A/Sharing
0x00007fff48c1e000 	/System/Library/PrivateFrameworks/Apple80211.framework/Versions/A/Apple80211
0x00007fff4a243000 	/System/Library/PrivateFrameworks/AuthKit.framework/Versions/A/AuthKit
0x00007fff4eca6000 	/System/Library/PrivateFrameworks/CoreUtils.framework/Versions/A/CoreUtils
0x00007fff37b6f000 	/System/Library/Frameworks/CoreWLAN.framework/Versions/A/CoreWLAN
0x00007fff38772000 	/System/Library/Frameworks/IOBluetooth.framework/Versions/A/IOBluetooth
0x00007fff5bdaa000 	/System/Library/PrivateFrameworks/MobileKeyBag.framework/Versions/A/MobileKeyBag
0x00007fff4dd87000 	/System/Library/PrivateFrameworks/CorePhoneNumbers.framework/Versions/A/CorePhoneNumbers
0x00007fff48e84000 	/System/Library/PrivateFrameworks/AppleIDAuthSupport.framework/Versions/A/AppleIDAuthSupport
0x00007fff3c1ef000 	/System/Library/Frameworks/Network.framework/Versions/A/Network
0x00007fff5a396000 	/System/Library/PrivateFrameworks/KeychainCircle.framework/Versions/A/KeychainCircle
0x00007fff355fc000 	/System/Library/Frameworks/CoreBluetooth.framework/Versions/A/CoreBluetooth
0x00007fff6467f000 	/System/Library/PrivateFrameworks/SpeechRecognitionCore.framework/Versions/A/SpeechRecognitionCore
0x00007fff2909f000 	/System/Library/CoreServices/Encodings/libKoreanConverter.dylib
0x0000000104200000 	/Library/Java/JavaVirtualMachines/adoptopenjdk-8.jdk/Contents/Home/jre/lib/server/libjvm.dylib
0x00007fff6bf66000 	/usr/lib/libstdc++.6.dylib
0x00000001039a3000 	/Library/Java/JavaVirtualMachines/adoptopenjdk-8.jdk/Contents/Home/jre/lib/libverify.dylib
0x00000001039b2000 	/Library/Java/JavaVirtualMachines/adoptopenjdk-8.jdk/Contents/Home/jre/lib/libjava.dylib
0x00000001039f4000 	/Library/Java/JavaVirtualMachines/adoptopenjdk-8.jdk/Contents/Home/jre/lib/libzip.dylib

VM Arguments:
jvm_args: -Dfile.encoding=UTF-8 
java_command: sorting.CompareSortings
java_class_path (initial): /Users/hyungjinahn/study/cse/java-workspace/CP_2/Lab07/bin
Launcher Type: SUN_STANDARD

Environment Variables:
PATH=/usr/bin:/bin:/usr/sbin:/sbin
SHELL=/bin/zsh

Signal Handlers:
SIGSEGV: [libjvm.dylib+0x585433], sa_mask[0]=11111111011111110111111111111111, sa_flags=SA_ONSTACK|SA_RESTART|SA_SIGINFO
SIGBUS: [libjvm.dylib+0x585433], sa_mask[0]=11111111011111110111111111111111, sa_flags=SA_RESTART|SA_SIGINFO
SIGFPE: [libjvm.dylib+0x45e83c], sa_mask[0]=11111111011111110111111111111111, sa_flags=SA_RESTART|SA_SIGINFO
SIGPIPE: [libjvm.dylib+0x45e83c], sa_mask[0]=11111111011111110111111111111111, sa_flags=SA_RESTART|SA_SIGINFO
SIGXFSZ: [libjvm.dylib+0x45e83c], sa_mask[0]=11111111011111110111111111111111, sa_flags=SA_RESTART|SA_SIGINFO
SIGILL: [libjvm.dylib+0x45e83c], sa_mask[0]=11111111011111110111111111111111, sa_flags=SA_RESTART|SA_SIGINFO
SIGUSR1: SIG_DFL, sa_mask[0]=00000000000000000000000000000000, sa_flags=none
SIGUSR2: [libjvm.dylib+0x45e35a], sa_mask[0]=00100000000000000000000000000000, sa_flags=SA_RESTART|SA_SIGINFO
SIGHUP: [libjvm.dylib+0x45c8e5], sa_mask[0]=11111111011111110111111111111111, sa_flags=SA_RESTART|SA_SIGINFO
SIGINT: [libjvm.dylib+0x45c8e5], sa_mask[0]=11111111011111110111111111111111, sa_flags=SA_RESTART|SA_SIGINFO
SIGTERM: [libjvm.dylib+0x45c8e5], sa_mask[0]=11111111011111110111111111111111, sa_flags=SA_RESTART|SA_SIGINFO
SIGQUIT: [libjvm.dylib+0x45c8e5], sa_mask[0]=11111111011111110111111111111111, sa_flags=SA_RESTART|SA_SIGINFO


---------------  S Y S T E M  ---------------

OS:Bsduname:Darwin 19.0.0 Darwin Kernel Version 19.0.0: Wed Sep 25 20:18:50 PDT 2019; root:xnu-6153.11.26~2/RELEASE_X86_64 x86_64
rlimit: STACK 8192k, CORE 0k, NPROC 1392, NOFILE 10240, AS infinity
load average:3.36 3.91 4.30

CPU:total 4 (initial active 4) (2 cores per cpu, 2 threads per core) family 6 model 142 stepping 9, cmov, cx8, fxsr, mmx, sse, sse2, sse3, ssse3, sse4.1, sse4.2, popcnt, avx, avx2, aes, clmul, erms, 3dnowpref, lzcnt, ht, tsc, tscinvbit, bmi1, bmi2, adx

Memory: 4k page, physical 8388608k(16068k free)

/proc/meminfo:


vm_info: OpenJDK 64-Bit Server VM (25.212-b04) for bsd-amd64 JRE (1.8.0_212-b04), built on Jun  3 2019 14:11:44 by "jenkins" with gcc 4.2.1 (Based on Apple Inc. build 5658) (LLVM build 2336.11.00)

time: Tue Oct 15 11:56:18 2019
timezone: KST
elapsed time: 1788 seconds (0d 0h 29m 48s)

